Performing C SOURCE FILE Test CMAKE_HAVE_LIBC_PTHREAD failed with the following output:
Change Dir: /root/workspace/keti/Storage-Engine-Instance/storage-engine-instance/monitoring_module/cmake/build/CMakeFiles/CMakeScratch/TryCompile-BszIuP

Run Build Command(s):/usr/bin/make -f Makefile cmTC_c3808/fast && /usr/bin/make  -f CMakeFiles/cmTC_c3808.dir/build.make CMakeFiles/cmTC_c3808.dir/build
make[1]: Entering directory '/root/workspace/keti/Storage-Engine-Instance/storage-engine-instance/monitoring_module/cmake/build/CMakeFiles/CMakeScratch/TryCompile-BszIuP'
Building C object CMakeFiles/cmTC_c3808.dir/src.c.o
/usr/bin/cc -DCMAKE_HAVE_LIBC_PTHREAD   -o CMakeFiles/cmTC_c3808.dir/src.c.o -c /root/workspace/keti/Storage-Engine-Instance/storage-engine-instance/monitoring_module/cmake/build/CMakeFiles/CMakeScratch/TryCompile-BszIuP/src.c
Linking C executable cmTC_c3808
/usr/local/bin/cmake -E cmake_link_script CMakeFiles/cmTC_c3808.dir/link.txt --verbose=1
/usr/bin/cc CMakeFiles/cmTC_c3808.dir/src.c.o -o cmTC_c3808 
CMakeFiles/cmTC_c3808.dir/src.c.o: In function `main':
src.c:(.text+0x3e): undefined reference to `pthread_create'
src.c:(.text+0x4a): undefined reference to `pthread_detach'
src.c:(.text+0x56): undefined reference to `pthread_cancel'
src.c:(.text+0x67): undefined reference to `pthread_join'
src.c:(.text+0x7b): undefined reference to `pthread_atfork'
collect2: error: ld returned 1 exit status
CMakeFiles/cmTC_c3808.dir/build.make:98: recipe for target 'cmTC_c3808' failed
make[1]: *** [cmTC_c3808] Error 1
make[1]: Leaving directory '/root/workspace/keti/Storage-Engine-Instance/storage-engine-instance/monitoring_module/cmake/build/CMakeFiles/CMakeScratch/TryCompile-BszIuP'
Makefile:127: recipe for target 'cmTC_c3808/fast' failed
make: *** [cmTC_c3808/fast] Error 2


Source file was:
#include <pthread.h>

static void* test_func(void* data)
{
  return data;
}

int main(void)
{
  pthread_t thread;
  pthread_create(&thread, NULL, test_func, NULL);
  pthread_detach(thread);
  pthread_cancel(thread);
  pthread_join(thread, NULL);
  pthread_atfork(NULL, NULL, NULL);
  pthread_exit(NULL);

  return 0;
}


Determining if the function pthread_create exists in the pthreads failed with the following output:
Change Dir: /root/workspace/keti/Storage-Engine-Instance/storage-engine-instance/monitoring_module/cmake/build/CMakeFiles/CMakeScratch/TryCompile-aBizwz

Run Build Command(s):/usr/bin/make -f Makefile cmTC_6f11d/fast && /usr/bin/make  -f CMakeFiles/cmTC_6f11d.dir/build.make CMakeFiles/cmTC_6f11d.dir/build
make[1]: Entering directory '/root/workspace/keti/Storage-Engine-Instance/storage-engine-instance/monitoring_module/cmake/build/CMakeFiles/CMakeScratch/TryCompile-aBizwz'
Building C object CMakeFiles/cmTC_6f11d.dir/CheckFunctionExists.c.o
/usr/bin/cc   -DCHECK_FUNCTION_EXISTS=pthread_create -o CMakeFiles/cmTC_6f11d.dir/CheckFunctionExists.c.o -c /root/workspace/keti/Storage-Engine-Instance/storage-engine-instance/monitoring_module/cmake/build/CMakeFiles/CMakeScratch/TryCompile-aBizwz/CheckFunctionExists.c
Linking C executable cmTC_6f11d
/usr/local/bin/cmake -E cmake_link_script CMakeFiles/cmTC_6f11d.dir/link.txt --verbose=1
/usr/bin/cc  -DCHECK_FUNCTION_EXISTS=pthread_create CMakeFiles/cmTC_6f11d.dir/CheckFunctionExists.c.o -o cmTC_6f11d  -lpthreads 
/usr/bin/ld: cannot find -lpthreads
collect2: error: ld returned 1 exit status
CMakeFiles/cmTC_6f11d.dir/build.make:98: recipe for target 'cmTC_6f11d' failed
make[1]: *** [cmTC_6f11d] Error 1
make[1]: Leaving directory '/root/workspace/keti/Storage-Engine-Instance/storage-engine-instance/monitoring_module/cmake/build/CMakeFiles/CMakeScratch/TryCompile-aBizwz'
Makefile:127: recipe for target 'cmTC_6f11d/fast' failed
make: *** [cmTC_6f11d/fast] Error 2



