Performing C SOURCE FILE Test CMAKE_HAVE_LIBC_PTHREAD failed with the following output:
Change Dir: /root/workspace/keti/Storage-Engine-Instance/storage-engine-instance/mergingcontainer/cmake/build/CMakeFiles/CMakeScratch/TryCompile-xvdp8S

Run Build Command(s):/usr/bin/make -f Makefile cmTC_deecc/fast && /usr/bin/make  -f CMakeFiles/cmTC_deecc.dir/build.make CMakeFiles/cmTC_deecc.dir/build
make[1]: Entering directory '/root/workspace/keti/Storage-Engine-Instance/storage-engine-instance/mergingcontainer/cmake/build/CMakeFiles/CMakeScratch/TryCompile-xvdp8S'
Building C object CMakeFiles/cmTC_deecc.dir/src.c.o
/usr/bin/cc -DCMAKE_HAVE_LIBC_PTHREAD   -o CMakeFiles/cmTC_deecc.dir/src.c.o -c /root/workspace/keti/Storage-Engine-Instance/storage-engine-instance/mergingcontainer/cmake/build/CMakeFiles/CMakeScratch/TryCompile-xvdp8S/src.c
Linking C executable cmTC_deecc
/usr/local/bin/cmake -E cmake_link_script CMakeFiles/cmTC_deecc.dir/link.txt --verbose=1
/usr/bin/cc CMakeFiles/cmTC_deecc.dir/src.c.o -o cmTC_deecc 
CMakeFiles/cmTC_deecc.dir/src.c.o: In function `main':
src.c:(.text+0x3e): undefined reference to `pthread_create'
src.c:(.text+0x4a): undefined reference to `pthread_detach'
src.c:(.text+0x56): undefined reference to `pthread_cancel'
src.c:(.text+0x67): undefined reference to `pthread_join'
src.c:(.text+0x7b): undefined reference to `pthread_atfork'
collect2: error: ld returned 1 exit status
CMakeFiles/cmTC_deecc.dir/build.make:98: recipe for target 'cmTC_deecc' failed
make[1]: *** [cmTC_deecc] Error 1
make[1]: Leaving directory '/root/workspace/keti/Storage-Engine-Instance/storage-engine-instance/mergingcontainer/cmake/build/CMakeFiles/CMakeScratch/TryCompile-xvdp8S'
Makefile:127: recipe for target 'cmTC_deecc/fast' failed
make: *** [cmTC_deecc/fast] Error 2


Source file was:
#include <pthread.h>

static void* test_func(void* data)
{
  return data;
}

int main(void)
{
  pthread_t thread;
  pthread_create(&thread, NULL, test_func, NULL);
  pthread_detach(thread);
  pthread_cancel(thread);
  pthread_join(thread, NULL);
  pthread_atfork(NULL, NULL, NULL);
  pthread_exit(NULL);

  return 0;
}


Determining if the function pthread_create exists in the pthreads failed with the following output:
Change Dir: /root/workspace/keti/Storage-Engine-Instance/storage-engine-instance/mergingcontainer/cmake/build/CMakeFiles/CMakeScratch/TryCompile-6RxYQN

Run Build Command(s):/usr/bin/make -f Makefile cmTC_69015/fast && /usr/bin/make  -f CMakeFiles/cmTC_69015.dir/build.make CMakeFiles/cmTC_69015.dir/build
make[1]: Entering directory '/root/workspace/keti/Storage-Engine-Instance/storage-engine-instance/mergingcontainer/cmake/build/CMakeFiles/CMakeScratch/TryCompile-6RxYQN'
Building C object CMakeFiles/cmTC_69015.dir/CheckFunctionExists.c.o
/usr/bin/cc   -DCHECK_FUNCTION_EXISTS=pthread_create -o CMakeFiles/cmTC_69015.dir/CheckFunctionExists.c.o -c /root/workspace/keti/Storage-Engine-Instance/storage-engine-instance/mergingcontainer/cmake/build/CMakeFiles/CMakeScratch/TryCompile-6RxYQN/CheckFunctionExists.c
Linking C executable cmTC_69015
/usr/local/bin/cmake -E cmake_link_script CMakeFiles/cmTC_69015.dir/link.txt --verbose=1
/usr/bin/cc  -DCHECK_FUNCTION_EXISTS=pthread_create CMakeFiles/cmTC_69015.dir/CheckFunctionExists.c.o -o cmTC_69015  -lpthreads 
/usr/bin/ld: cannot find -lpthreads
collect2: error: ld returned 1 exit status
CMakeFiles/cmTC_69015.dir/build.make:98: recipe for target 'cmTC_69015' failed
make[1]: *** [cmTC_69015] Error 1
make[1]: Leaving directory '/root/workspace/keti/Storage-Engine-Instance/storage-engine-instance/mergingcontainer/cmake/build/CMakeFiles/CMakeScratch/TryCompile-6RxYQN'
Makefile:127: recipe for target 'cmTC_69015/fast' failed
make: *** [cmTC_69015/fast] Error 2



