Performing C SOURCE FILE Test CMAKE_HAVE_LIBC_PTHREAD failed with the following output:
Change Dir: /root/workspace/keti/Storage-Engine-Instance/storage-engine-instance/CMakeFiles/CMakeScratch/TryCompile-i195Lw

Run Build Command(s):/usr/bin/make -f Makefile cmTC_61ae8/fast && /usr/bin/make  -f CMakeFiles/cmTC_61ae8.dir/build.make CMakeFiles/cmTC_61ae8.dir/build
make[1]: Entering directory '/root/workspace/keti/Storage-Engine-Instance/storage-engine-instance/CMakeFiles/CMakeScratch/TryCompile-i195Lw'
Building C object CMakeFiles/cmTC_61ae8.dir/src.c.o
/usr/bin/cc -DCMAKE_HAVE_LIBC_PTHREAD   -o CMakeFiles/cmTC_61ae8.dir/src.c.o -c /root/workspace/keti/Storage-Engine-Instance/storage-engine-instance/CMakeFiles/CMakeScratch/TryCompile-i195Lw/src.c
Linking C executable cmTC_61ae8
/usr/local/bin/cmake -E cmake_link_script CMakeFiles/cmTC_61ae8.dir/link.txt --verbose=1
/usr/bin/cc CMakeFiles/cmTC_61ae8.dir/src.c.o -o cmTC_61ae8 
CMakeFiles/cmTC_61ae8.dir/src.c.o: In function `main':
src.c:(.text+0x3e): undefined reference to `pthread_create'
src.c:(.text+0x4a): undefined reference to `pthread_detach'
src.c:(.text+0x56): undefined reference to `pthread_cancel'
src.c:(.text+0x67): undefined reference to `pthread_join'
src.c:(.text+0x7b): undefined reference to `pthread_atfork'
collect2: error: ld returned 1 exit status
CMakeFiles/cmTC_61ae8.dir/build.make:98: recipe for target 'cmTC_61ae8' failed
make[1]: *** [cmTC_61ae8] Error 1
make[1]: Leaving directory '/root/workspace/keti/Storage-Engine-Instance/storage-engine-instance/CMakeFiles/CMakeScratch/TryCompile-i195Lw'
Makefile:127: recipe for target 'cmTC_61ae8/fast' failed
make: *** [cmTC_61ae8/fast] Error 2


Source file was:
#include <pthread.h>

static void* test_func(void* data)
{
  return data;
}

int main(void)
{
  pthread_t thread;
  pthread_create(&thread, NULL, test_func, NULL);
  pthread_detach(thread);
  pthread_cancel(thread);
  pthread_join(thread, NULL);
  pthread_atfork(NULL, NULL, NULL);
  pthread_exit(NULL);

  return 0;
}


Determining if the function pthread_create exists in the pthreads failed with the following output:
Change Dir: /root/workspace/keti/Storage-Engine-Instance/storage-engine-instance/CMakeFiles/CMakeScratch/TryCompile-aZvq0X

Run Build Command(s):/usr/bin/make -f Makefile cmTC_8c772/fast && /usr/bin/make  -f CMakeFiles/cmTC_8c772.dir/build.make CMakeFiles/cmTC_8c772.dir/build
make[1]: Entering directory '/root/workspace/keti/Storage-Engine-Instance/storage-engine-instance/CMakeFiles/CMakeScratch/TryCompile-aZvq0X'
Building C object CMakeFiles/cmTC_8c772.dir/CheckFunctionExists.c.o
/usr/bin/cc   -DCHECK_FUNCTION_EXISTS=pthread_create -o CMakeFiles/cmTC_8c772.dir/CheckFunctionExists.c.o -c /root/workspace/keti/Storage-Engine-Instance/storage-engine-instance/CMakeFiles/CMakeScratch/TryCompile-aZvq0X/CheckFunctionExists.c
Linking C executable cmTC_8c772
/usr/local/bin/cmake -E cmake_link_script CMakeFiles/cmTC_8c772.dir/link.txt --verbose=1
/usr/bin/cc  -DCHECK_FUNCTION_EXISTS=pthread_create CMakeFiles/cmTC_8c772.dir/CheckFunctionExists.c.o -o cmTC_8c772  -lpthreads 
/usr/bin/ld: cannot find -lpthreads
collect2: error: ld returned 1 exit status
CMakeFiles/cmTC_8c772.dir/build.make:98: recipe for target 'cmTC_8c772' failed
make[1]: *** [cmTC_8c772] Error 1
make[1]: Leaving directory '/root/workspace/keti/Storage-Engine-Instance/storage-engine-instance/CMakeFiles/CMakeScratch/TryCompile-aZvq0X'
Makefile:127: recipe for target 'cmTC_8c772/fast' failed
make: *** [cmTC_8c772/fast] Error 2



