Performing C SOURCE FILE Test CMAKE_HAVE_LIBC_PTHREAD failed with the following output:
Change Dir: /root/workspace/Storage-Engine-Instance/storage-engine-instance-container/offloadingcontainer/cmake/build/CMakeFiles/CMakeScratch/TryCompile-0NYPrI

Run Build Command(s):/usr/bin/make -f Makefile cmTC_06593/fast && /usr/bin/make  -f CMakeFiles/cmTC_06593.dir/build.make CMakeFiles/cmTC_06593.dir/build
make[1]: Entering directory '/root/workspace/Storage-Engine-Instance/storage-engine-instance-container/offloadingcontainer/cmake/build/CMakeFiles/CMakeScratch/TryCompile-0NYPrI'
Building C object CMakeFiles/cmTC_06593.dir/src.c.o
/usr/bin/cc -DCMAKE_HAVE_LIBC_PTHREAD   -o CMakeFiles/cmTC_06593.dir/src.c.o -c /root/workspace/Storage-Engine-Instance/storage-engine-instance-container/offloadingcontainer/cmake/build/CMakeFiles/CMakeScratch/TryCompile-0NYPrI/src.c
Linking C executable cmTC_06593
/usr/local/bin/cmake -E cmake_link_script CMakeFiles/cmTC_06593.dir/link.txt --verbose=1
/usr/bin/cc CMakeFiles/cmTC_06593.dir/src.c.o -o cmTC_06593 
CMakeFiles/cmTC_06593.dir/src.c.o: In function `main':
src.c:(.text+0x3e): undefined reference to `pthread_create'
src.c:(.text+0x4a): undefined reference to `pthread_detach'
src.c:(.text+0x56): undefined reference to `pthread_cancel'
src.c:(.text+0x67): undefined reference to `pthread_join'
src.c:(.text+0x7b): undefined reference to `pthread_atfork'
collect2: error: ld returned 1 exit status
CMakeFiles/cmTC_06593.dir/build.make:98: recipe for target 'cmTC_06593' failed
make[1]: *** [cmTC_06593] Error 1
make[1]: Leaving directory '/root/workspace/Storage-Engine-Instance/storage-engine-instance-container/offloadingcontainer/cmake/build/CMakeFiles/CMakeScratch/TryCompile-0NYPrI'
Makefile:127: recipe for target 'cmTC_06593/fast' failed
make: *** [cmTC_06593/fast] Error 2


Source file was:
#include <pthread.h>

static void* test_func(void* data)
{
  return data;
}

int main(void)
{
  pthread_t thread;
  pthread_create(&thread, NULL, test_func, NULL);
  pthread_detach(thread);
  pthread_cancel(thread);
  pthread_join(thread, NULL);
  pthread_atfork(NULL, NULL, NULL);
  pthread_exit(NULL);

  return 0;
}


Determining if the function pthread_create exists in the pthreads failed with the following output:
Change Dir: /root/workspace/Storage-Engine-Instance/storage-engine-instance-container/offloadingcontainer/cmake/build/CMakeFiles/CMakeScratch/TryCompile-pfsGAc

Run Build Command(s):/usr/bin/make -f Makefile cmTC_53104/fast && /usr/bin/make  -f CMakeFiles/cmTC_53104.dir/build.make CMakeFiles/cmTC_53104.dir/build
make[1]: Entering directory '/root/workspace/Storage-Engine-Instance/storage-engine-instance-container/offloadingcontainer/cmake/build/CMakeFiles/CMakeScratch/TryCompile-pfsGAc'
Building C object CMakeFiles/cmTC_53104.dir/CheckFunctionExists.c.o
/usr/bin/cc   -DCHECK_FUNCTION_EXISTS=pthread_create -o CMakeFiles/cmTC_53104.dir/CheckFunctionExists.c.o -c /root/workspace/Storage-Engine-Instance/storage-engine-instance-container/offloadingcontainer/cmake/build/CMakeFiles/CMakeScratch/TryCompile-pfsGAc/CheckFunctionExists.c
Linking C executable cmTC_53104
/usr/local/bin/cmake -E cmake_link_script CMakeFiles/cmTC_53104.dir/link.txt --verbose=1
/usr/bin/cc  -DCHECK_FUNCTION_EXISTS=pthread_create CMakeFiles/cmTC_53104.dir/CheckFunctionExists.c.o -o cmTC_53104  -lpthreads 
/usr/bin/ld: cannot find -lpthreads
collect2: error: ld returned 1 exit status
CMakeFiles/cmTC_53104.dir/build.make:98: recipe for target 'cmTC_53104' failed
make[1]: *** [cmTC_53104] Error 1
make[1]: Leaving directory '/root/workspace/Storage-Engine-Instance/storage-engine-instance-container/offloadingcontainer/cmake/build/CMakeFiles/CMakeScratch/TryCompile-pfsGAc'
Makefile:127: recipe for target 'cmTC_53104/fast' failed
make: *** [cmTC_53104/fast] Error 2



