Performing C SOURCE FILE Test CMAKE_HAVE_LIBC_PTHREAD failed with the following output:
Change Dir: /root/workspace/dhj/KETI-Storage-Engine-Instance/offloading_module/cmake/build/CMakeFiles/CMakeScratch/TryCompile-PZdh4i

Run Build Command(s):/usr/bin/make -f Makefile cmTC_64125/fast && /usr/bin/make  -f CMakeFiles/cmTC_64125.dir/build.make CMakeFiles/cmTC_64125.dir/build
make[1]: Entering directory '/root/workspace/dhj/KETI-Storage-Engine-Instance/offloading_module/cmake/build/CMakeFiles/CMakeScratch/TryCompile-PZdh4i'
Building C object CMakeFiles/cmTC_64125.dir/src.c.o
/usr/bin/cc -DCMAKE_HAVE_LIBC_PTHREAD   -o CMakeFiles/cmTC_64125.dir/src.c.o -c /root/workspace/dhj/KETI-Storage-Engine-Instance/offloading_module/cmake/build/CMakeFiles/CMakeScratch/TryCompile-PZdh4i/src.c
Linking C executable cmTC_64125
/usr/local/bin/cmake -E cmake_link_script CMakeFiles/cmTC_64125.dir/link.txt --verbose=1
/usr/bin/cc CMakeFiles/cmTC_64125.dir/src.c.o -o cmTC_64125 
CMakeFiles/cmTC_64125.dir/src.c.o: In function `main':
src.c:(.text+0x3e): undefined reference to `pthread_create'
src.c:(.text+0x4a): undefined reference to `pthread_detach'
src.c:(.text+0x56): undefined reference to `pthread_cancel'
src.c:(.text+0x67): undefined reference to `pthread_join'
src.c:(.text+0x7b): undefined reference to `pthread_atfork'
collect2: error: ld returned 1 exit status
CMakeFiles/cmTC_64125.dir/build.make:98: recipe for target 'cmTC_64125' failed
make[1]: *** [cmTC_64125] Error 1
make[1]: Leaving directory '/root/workspace/dhj/KETI-Storage-Engine-Instance/offloading_module/cmake/build/CMakeFiles/CMakeScratch/TryCompile-PZdh4i'
Makefile:127: recipe for target 'cmTC_64125/fast' failed
make: *** [cmTC_64125/fast] Error 2


Source file was:
#include <pthread.h>

static void* test_func(void* data)
{
  return data;
}

int main(void)
{
  pthread_t thread;
  pthread_create(&thread, NULL, test_func, NULL);
  pthread_detach(thread);
  pthread_cancel(thread);
  pthread_join(thread, NULL);
  pthread_atfork(NULL, NULL, NULL);
  pthread_exit(NULL);

  return 0;
}


Determining if the function pthread_create exists in the pthreads failed with the following output:
Change Dir: /root/workspace/dhj/KETI-Storage-Engine-Instance/offloading_module/cmake/build/CMakeFiles/CMakeScratch/TryCompile-eTLmgK

Run Build Command(s):/usr/bin/make -f Makefile cmTC_19570/fast && /usr/bin/make  -f CMakeFiles/cmTC_19570.dir/build.make CMakeFiles/cmTC_19570.dir/build
make[1]: Entering directory '/root/workspace/dhj/KETI-Storage-Engine-Instance/offloading_module/cmake/build/CMakeFiles/CMakeScratch/TryCompile-eTLmgK'
Building C object CMakeFiles/cmTC_19570.dir/CheckFunctionExists.c.o
/usr/bin/cc   -DCHECK_FUNCTION_EXISTS=pthread_create -o CMakeFiles/cmTC_19570.dir/CheckFunctionExists.c.o -c /root/workspace/dhj/KETI-Storage-Engine-Instance/offloading_module/cmake/build/CMakeFiles/CMakeScratch/TryCompile-eTLmgK/CheckFunctionExists.c
Linking C executable cmTC_19570
/usr/local/bin/cmake -E cmake_link_script CMakeFiles/cmTC_19570.dir/link.txt --verbose=1
/usr/bin/cc  -DCHECK_FUNCTION_EXISTS=pthread_create CMakeFiles/cmTC_19570.dir/CheckFunctionExists.c.o -o cmTC_19570  -lpthreads 
/usr/bin/ld: cannot find -lpthreads
collect2: error: ld returned 1 exit status
CMakeFiles/cmTC_19570.dir/build.make:98: recipe for target 'cmTC_19570' failed
make[1]: *** [cmTC_19570] Error 1
make[1]: Leaving directory '/root/workspace/dhj/KETI-Storage-Engine-Instance/offloading_module/cmake/build/CMakeFiles/CMakeScratch/TryCompile-eTLmgK'
Makefile:127: recipe for target 'cmTC_19570/fast' failed
make: *** [cmTC_19570/fast] Error 2



