Performing C SOURCE FILE Test CMAKE_HAVE_LIBC_PTHREAD failed with the following output:
Change Dir: /root/workspace/keti/Storage-Engine-Instance/storage-engine-instance/merging_module/cmake/build/CMakeFiles/CMakeScratch/TryCompile-6DmI54

Run Build Command(s):/usr/bin/make -f Makefile cmTC_3aa12/fast && /usr/bin/make  -f CMakeFiles/cmTC_3aa12.dir/build.make CMakeFiles/cmTC_3aa12.dir/build
make[1]: Entering directory '/root/workspace/keti/Storage-Engine-Instance/storage-engine-instance/merging_module/cmake/build/CMakeFiles/CMakeScratch/TryCompile-6DmI54'
Building C object CMakeFiles/cmTC_3aa12.dir/src.c.o
/usr/bin/cc -DCMAKE_HAVE_LIBC_PTHREAD   -o CMakeFiles/cmTC_3aa12.dir/src.c.o -c /root/workspace/keti/Storage-Engine-Instance/storage-engine-instance/merging_module/cmake/build/CMakeFiles/CMakeScratch/TryCompile-6DmI54/src.c
Linking C executable cmTC_3aa12
/usr/local/bin/cmake -E cmake_link_script CMakeFiles/cmTC_3aa12.dir/link.txt --verbose=1
/usr/bin/cc CMakeFiles/cmTC_3aa12.dir/src.c.o -o cmTC_3aa12 
CMakeFiles/cmTC_3aa12.dir/src.c.o: In function `main':
src.c:(.text+0x3e): undefined reference to `pthread_create'
src.c:(.text+0x4a): undefined reference to `pthread_detach'
src.c:(.text+0x56): undefined reference to `pthread_cancel'
src.c:(.text+0x67): undefined reference to `pthread_join'
src.c:(.text+0x7b): undefined reference to `pthread_atfork'
collect2: error: ld returned 1 exit status
CMakeFiles/cmTC_3aa12.dir/build.make:98: recipe for target 'cmTC_3aa12' failed
make[1]: *** [cmTC_3aa12] Error 1
make[1]: Leaving directory '/root/workspace/keti/Storage-Engine-Instance/storage-engine-instance/merging_module/cmake/build/CMakeFiles/CMakeScratch/TryCompile-6DmI54'
Makefile:127: recipe for target 'cmTC_3aa12/fast' failed
make: *** [cmTC_3aa12/fast] Error 2


Source file was:
#include <pthread.h>

static void* test_func(void* data)
{
  return data;
}

int main(void)
{
  pthread_t thread;
  pthread_create(&thread, NULL, test_func, NULL);
  pthread_detach(thread);
  pthread_cancel(thread);
  pthread_join(thread, NULL);
  pthread_atfork(NULL, NULL, NULL);
  pthread_exit(NULL);

  return 0;
}


Determining if the function pthread_create exists in the pthreads failed with the following output:
Change Dir: /root/workspace/keti/Storage-Engine-Instance/storage-engine-instance/merging_module/cmake/build/CMakeFiles/CMakeScratch/TryCompile-E4ROrJ

Run Build Command(s):/usr/bin/make -f Makefile cmTC_1e9f9/fast && /usr/bin/make  -f CMakeFiles/cmTC_1e9f9.dir/build.make CMakeFiles/cmTC_1e9f9.dir/build
make[1]: Entering directory '/root/workspace/keti/Storage-Engine-Instance/storage-engine-instance/merging_module/cmake/build/CMakeFiles/CMakeScratch/TryCompile-E4ROrJ'
Building C object CMakeFiles/cmTC_1e9f9.dir/CheckFunctionExists.c.o
/usr/bin/cc   -DCHECK_FUNCTION_EXISTS=pthread_create -o CMakeFiles/cmTC_1e9f9.dir/CheckFunctionExists.c.o -c /root/workspace/keti/Storage-Engine-Instance/storage-engine-instance/merging_module/cmake/build/CMakeFiles/CMakeScratch/TryCompile-E4ROrJ/CheckFunctionExists.c
Linking C executable cmTC_1e9f9
/usr/local/bin/cmake -E cmake_link_script CMakeFiles/cmTC_1e9f9.dir/link.txt --verbose=1
/usr/bin/cc  -DCHECK_FUNCTION_EXISTS=pthread_create CMakeFiles/cmTC_1e9f9.dir/CheckFunctionExists.c.o -o cmTC_1e9f9  -lpthreads 
/usr/bin/ld: cannot find -lpthreads
collect2: error: ld returned 1 exit status
CMakeFiles/cmTC_1e9f9.dir/build.make:98: recipe for target 'cmTC_1e9f9' failed
make[1]: *** [cmTC_1e9f9] Error 1
make[1]: Leaving directory '/root/workspace/keti/Storage-Engine-Instance/storage-engine-instance/merging_module/cmake/build/CMakeFiles/CMakeScratch/TryCompile-E4ROrJ'
Makefile:127: recipe for target 'cmTC_1e9f9/fast' failed
make: *** [cmTC_1e9f9/fast] Error 2



