Performing C SOURCE FILE Test CMAKE_HAVE_LIBC_PTHREAD failed with the following output:
Change Dir: /root/workspace/Storage-Engine-Instance/storage-engine-instance-container/monitoringcontainer/cmake/build/CMakeFiles/CMakeScratch/TryCompile-Coh2F4

Run Build Command(s):/usr/bin/make -f Makefile cmTC_c3565/fast && /usr/bin/make  -f CMakeFiles/cmTC_c3565.dir/build.make CMakeFiles/cmTC_c3565.dir/build
make[1]: Entering directory '/root/workspace/Storage-Engine-Instance/storage-engine-instance-container/monitoringcontainer/cmake/build/CMakeFiles/CMakeScratch/TryCompile-Coh2F4'
Building C object CMakeFiles/cmTC_c3565.dir/src.c.o
/usr/bin/cc -DCMAKE_HAVE_LIBC_PTHREAD   -o CMakeFiles/cmTC_c3565.dir/src.c.o -c /root/workspace/Storage-Engine-Instance/storage-engine-instance-container/monitoringcontainer/cmake/build/CMakeFiles/CMakeScratch/TryCompile-Coh2F4/src.c
Linking C executable cmTC_c3565
/usr/local/bin/cmake -E cmake_link_script CMakeFiles/cmTC_c3565.dir/link.txt --verbose=1
/usr/bin/cc CMakeFiles/cmTC_c3565.dir/src.c.o -o cmTC_c3565 
CMakeFiles/cmTC_c3565.dir/src.c.o: In function `main':
src.c:(.text+0x3e): undefined reference to `pthread_create'
src.c:(.text+0x4a): undefined reference to `pthread_detach'
src.c:(.text+0x56): undefined reference to `pthread_cancel'
src.c:(.text+0x67): undefined reference to `pthread_join'
src.c:(.text+0x7b): undefined reference to `pthread_atfork'
collect2: error: ld returned 1 exit status
CMakeFiles/cmTC_c3565.dir/build.make:98: recipe for target 'cmTC_c3565' failed
make[1]: *** [cmTC_c3565] Error 1
make[1]: Leaving directory '/root/workspace/Storage-Engine-Instance/storage-engine-instance-container/monitoringcontainer/cmake/build/CMakeFiles/CMakeScratch/TryCompile-Coh2F4'
Makefile:127: recipe for target 'cmTC_c3565/fast' failed
make: *** [cmTC_c3565/fast] Error 2


Source file was:
#include <pthread.h>

static void* test_func(void* data)
{
  return data;
}

int main(void)
{
  pthread_t thread;
  pthread_create(&thread, NULL, test_func, NULL);
  pthread_detach(thread);
  pthread_cancel(thread);
  pthread_join(thread, NULL);
  pthread_atfork(NULL, NULL, NULL);
  pthread_exit(NULL);

  return 0;
}


Determining if the function pthread_create exists in the pthreads failed with the following output:
Change Dir: /root/workspace/Storage-Engine-Instance/storage-engine-instance-container/monitoringcontainer/cmake/build/CMakeFiles/CMakeScratch/TryCompile-SLnEv8

Run Build Command(s):/usr/bin/make -f Makefile cmTC_2088e/fast && /usr/bin/make  -f CMakeFiles/cmTC_2088e.dir/build.make CMakeFiles/cmTC_2088e.dir/build
make[1]: Entering directory '/root/workspace/Storage-Engine-Instance/storage-engine-instance-container/monitoringcontainer/cmake/build/CMakeFiles/CMakeScratch/TryCompile-SLnEv8'
Building C object CMakeFiles/cmTC_2088e.dir/CheckFunctionExists.c.o
/usr/bin/cc   -DCHECK_FUNCTION_EXISTS=pthread_create -o CMakeFiles/cmTC_2088e.dir/CheckFunctionExists.c.o -c /root/workspace/Storage-Engine-Instance/storage-engine-instance-container/monitoringcontainer/cmake/build/CMakeFiles/CMakeScratch/TryCompile-SLnEv8/CheckFunctionExists.c
Linking C executable cmTC_2088e
/usr/local/bin/cmake -E cmake_link_script CMakeFiles/cmTC_2088e.dir/link.txt --verbose=1
/usr/bin/cc  -DCHECK_FUNCTION_EXISTS=pthread_create CMakeFiles/cmTC_2088e.dir/CheckFunctionExists.c.o -o cmTC_2088e  -lpthreads 
/usr/bin/ld: cannot find -lpthreads
collect2: error: ld returned 1 exit status
CMakeFiles/cmTC_2088e.dir/build.make:98: recipe for target 'cmTC_2088e' failed
make[1]: *** [cmTC_2088e] Error 1
make[1]: Leaving directory '/root/workspace/Storage-Engine-Instance/storage-engine-instance-container/monitoringcontainer/cmake/build/CMakeFiles/CMakeScratch/TryCompile-SLnEv8'
Makefile:127: recipe for target 'cmTC_2088e/fast' failed
make: *** [cmTC_2088e/fast] Error 2



